The system is: Linux - 4.8.0-49-generic - x86_64
Compiling the C compiler identification source file "CMakeCCompilerId.c" succeeded.
Compiler: /usr/bin/cc 
Build flags: 
Id flags: 

The output was:
0


Compilation of the C compiler identification source "CMakeCCompilerId.c" produced "a.out"

The C compiler identification is GNU, found in "/home/chris/Documents/orbslam2/pangolin/Pangolin/build/CMakeFiles/3.5.1/CompilerIdC/a.out"

Compiling the CXX compiler identification source file "CMakeCXXCompilerId.cpp" succeeded.
Compiler: /usr/bin/c++ 
Build flags: 
Id flags: 

The output was:
0


Compilation of the CXX compiler identification source "CMakeCXXCompilerId.cpp" produced "a.out"

The CXX compiler identification is GNU, found in "/home/chris/Documents/orbslam2/pangolin/Pangolin/build/CMakeFiles/3.5.1/CompilerIdCXX/a.out"

Determining if the C compiler works passed with the following output:
Change Dir: /home/chris/Documents/orbslam2/pangolin/Pangolin/build/CMakeFiles/CMakeTmp

Run Build Command:"/usr/bin/make" "cmTC_60349/fast"
/usr/bin/make -f CMakeFiles/cmTC_60349.dir/build.make CMakeFiles/cmTC_60349.dir/build
make[1]: Entering directory '/home/chris/Documents/orbslam2/pangolin/Pangolin/build/CMakeFiles/CMakeTmp'
Building C object CMakeFiles/cmTC_60349.dir/testCCompiler.c.o
/usr/bin/cc     -o CMakeFiles/cmTC_60349.dir/testCCompiler.c.o   -c /home/chris/Documents/orbslam2/pangolin/Pangolin/build/CMakeFiles/CMakeTmp/testCCompiler.c
Linking C executable cmTC_60349
/usr/bin/cmake -E cmake_link_script CMakeFiles/cmTC_60349.dir/link.txt --verbose=1
/usr/bin/cc       CMakeFiles/cmTC_60349.dir/testCCompiler.c.o  -o cmTC_60349 -rdynamic 
make[1]: Leaving directory '/home/chris/Documents/orbslam2/pangolin/Pangolin/build/CMakeFiles/CMakeTmp'


Detecting C compiler ABI info compiled with the following output:
Change Dir: /home/chris/Documents/orbslam2/pangolin/Pangolin/build/CMakeFiles/CMakeTmp

Run Build Command:"/usr/bin/make" "cmTC_e9563/fast"
/usr/bin/make -f CMakeFiles/cmTC_e9563.dir/build.make CMakeFiles/cmTC_e9563.dir/build
make[1]: Entering directory '/home/chris/Documents/orbslam2/pangolin/Pangolin/build/CMakeFiles/CMakeTmp'
Building C object CMakeFiles/cmTC_e9563.dir/CMakeCCompilerABI.c.o
/usr/bin/cc     -o CMakeFiles/cmTC_e9563.dir/CMakeCCompilerABI.c.o   -c /usr/share/cmake-3.5/Modules/CMakeCCompilerABI.c
Linking C executable cmTC_e9563
/usr/bin/cmake -E cmake_link_script CMakeFiles/cmTC_e9563.dir/link.txt --verbose=1
/usr/bin/cc      -v CMakeFiles/cmTC_e9563.dir/CMakeCCompilerABI.c.o  -o cmTC_e9563 -rdynamic  
Using built-in specs.
COLLECT_GCC=/usr/bin/cc
COLLECT_LTO_WRAPPER=/usr/lib/gcc/x86_64-linux-gnu/5/lto-wrapper
Target: x86_64-linux-gnu
Configured with: ../src/configure -v --with-pkgversion='Ubuntu 5.4.0-6ubuntu1~16.04.4' --with-bugurl=file:///usr/share/doc/gcc-5/README.Bugs --enable-languages=c,ada,c++,java,go,d,fortran,objc,obj-c++ --prefix=/usr --program-suffix=-5 --enable-shared --enable-linker-build-id --libexecdir=/usr/lib --without-included-gettext --enable-threads=posix --libdir=/usr/lib --enable-nls --with-sysroot=/ --enable-clocale=gnu --enable-libstdcxx-debug --enable-libstdcxx-time=yes --with-default-libstdcxx-abi=new --enable-gnu-unique-object --disable-vtable-verify --enable-libmpx --enable-plugin --with-system-zlib --disable-browser-plugin --enable-java-awt=gtk --enable-gtk-cairo --with-java-home=/usr/lib/jvm/java-1.5.0-gcj-5-amd64/jre --enable-java-home --with-jvm-root-dir=/usr/lib/jvm/java-1.5.0-gcj-5-amd64 --with-jvm-jar-dir=/usr/lib/jvm-exports/java-1.5.0-gcj-5-amd64 --with-arch-directory=amd64 --with-ecj-jar=/usr/share/java/eclipse-ecj.jar --enable-objc-gc --enable-multiarch --disable-werror --with-arch-32=i686 --with-abi=m64 --with-multilib-list=m32,m64,mx32 --enable-multilib --with-tune=generic --enable-checking=release --build=x86_64-linux-gnu --host=x86_64-linux-gnu --target=x86_64-linux-gnu
Thread model: posix
gcc version 5.4.0 20160609 (Ubuntu 5.4.0-6ubuntu1~16.04.4) 
COMPILER_PATH=/usr/lib/gcc/x86_64-linux-gnu/5/:/usr/lib/gcc/x86_64-linux-gnu/5/:/usr/lib/gcc/x86_64-linux-gnu/:/usr/lib/gcc/x86_64-linux-gnu/5/:/usr/lib/gcc/x86_64-linux-gnu/
LIBRARY_PATH=/usr/lib/gcc/x86_64-linux-gnu/5/:/usr/lib/gcc/x86_64-linux-gnu/5/../../../x86_64-linux-gnu/:/usr/lib/gcc/x86_64-linux-gnu/5/../../../../lib/:/lib/x86_64-linux-gnu/:/lib/../lib/:/usr/lib/x86_64-linux-gnu/:/usr/lib/../lib/:/usr/lib/gcc/x86_64-linux-gnu/5/../../../:/lib/:/usr/lib/
COLLECT_GCC_OPTIONS='-v' '-o' 'cmTC_e9563' '-rdynamic' '-mtune=generic' '-march=x86-64'
 /usr/lib/gcc/x86_64-linux-gnu/5/collect2 -plugin /usr/lib/gcc/x86_64-linux-gnu/5/liblto_plugin.so -plugin-opt=/usr/lib/gcc/x86_64-linux-gnu/5/lto-wrapper -plugin-opt=-fresolution=/tmp/ccDSn9yU.res -plugin-opt=-pass-through=-lgcc -plugin-opt=-pass-through=-lgcc_s -plugin-opt=-pass-through=-lc -plugin-opt=-pass-through=-lgcc -plugin-opt=-pass-through=-lgcc_s --sysroot=/ --build-id --eh-frame-hdr -m elf_x86_64 --hash-style=gnu --as-needed -export-dynamic -dynamic-linker /lib64/ld-linux-x86-64.so.2 -z relro -o cmTC_e9563 /usr/lib/gcc/x86_64-linux-gnu/5/../../../x86_64-linux-gnu/crt1.o /usr/lib/gcc/x86_64-linux-gnu/5/../../../x86_64-linux-gnu/crti.o /usr/lib/gcc/x86_64-linux-gnu/5/crtbegin.o -L/usr/lib/gcc/x86_64-linux-gnu/5 -L/usr/lib/gcc/x86_64-linux-gnu/5/../../../x86_64-linux-gnu -L/usr/lib/gcc/x86_64-linux-gnu/5/../../../../lib -L/lib/x86_64-linux-gnu -L/lib/../lib -L/usr/lib/x86_64-linux-gnu -L/usr/lib/../lib -L/usr/lib/gcc/x86_64-linux-gnu/5/../../.. CMakeFiles/cmTC_e9563.dir/CMakeCCompilerABI.c.o -lgcc --as-needed -lgcc_s --no-as-needed -lc -lgcc --as-needed -lgcc_s --no-as-needed /usr/lib/gcc/x86_64-linux-gnu/5/crtend.o /usr/lib/gcc/x86_64-linux-gnu/5/../../../x86_64-linux-gnu/crtn.o
make[1]: Leaving directory '/home/chris/Documents/orbslam2/pangolin/Pangolin/build/CMakeFiles/CMakeTmp'


Parsed C implicit link information from above output:
  link line regex: [^( *|.*[/\])(ld|([^/\]+-)?ld|collect2)[^/\]*( |$)]
  ignore line: [Change Dir: /home/chris/Documents/orbslam2/pangolin/Pangolin/build/CMakeFiles/CMakeTmp]
  ignore line: []
  ignore line: [Run Build Command:"/usr/bin/make" "cmTC_e9563/fast"]
  ignore line: [/usr/bin/make -f CMakeFiles/cmTC_e9563.dir/build.make CMakeFiles/cmTC_e9563.dir/build]
  ignore line: [make[1]: Entering directory '/home/chris/Documents/orbslam2/pangolin/Pangolin/build/CMakeFiles/CMakeTmp']
  ignore line: [Building C object CMakeFiles/cmTC_e9563.dir/CMakeCCompilerABI.c.o]
  ignore line: [/usr/bin/cc     -o CMakeFiles/cmTC_e9563.dir/CMakeCCompilerABI.c.o   -c /usr/share/cmake-3.5/Modules/CMakeCCompilerABI.c]
  ignore line: [Linking C executable cmTC_e9563]
  ignore line: [/usr/bin/cmake -E cmake_link_script CMakeFiles/cmTC_e9563.dir/link.txt --verbose=1]
  ignore line: [/usr/bin/cc      -v CMakeFiles/cmTC_e9563.dir/CMakeCCompilerABI.c.o  -o cmTC_e9563 -rdynamic  ]
  ignore line: [Using built-in specs.]
  ignore line: [COLLECT_GCC=/usr/bin/cc]
  ignore line: [COLLECT_LTO_WRAPPER=/usr/lib/gcc/x86_64-linux-gnu/5/lto-wrapper]
  ignore line: [Target: x86_64-linux-gnu]
  ignore line: [Configured with: ../src/configure -v --with-pkgversion='Ubuntu 5.4.0-6ubuntu1~16.04.4' --with-bugurl=file:///usr/share/doc/gcc-5/README.Bugs --enable-languages=c,ada,c++,java,go,d,fortran,objc,obj-c++ --prefix=/usr --program-suffix=-5 --enable-shared --enable-linker-build-id --libexecdir=/usr/lib --without-included-gettext --enable-threads=posix --libdir=/usr/lib --enable-nls --with-sysroot=/ --enable-clocale=gnu --enable-libstdcxx-debug --enable-libstdcxx-time=yes --with-default-libstdcxx-abi=new --enable-gnu-unique-object --disable-vtable-verify --enable-libmpx --enable-plugin --with-system-zlib --disable-browser-plugin --enable-java-awt=gtk --enable-gtk-cairo --with-java-home=/usr/lib/jvm/java-1.5.0-gcj-5-amd64/jre --enable-java-home --with-jvm-root-dir=/usr/lib/jvm/java-1.5.0-gcj-5-amd64 --with-jvm-jar-dir=/usr/lib/jvm-exports/java-1.5.0-gcj-5-amd64 --with-arch-directory=amd64 --with-ecj-jar=/usr/share/java/eclipse-ecj.jar --enable-objc-gc --enable-multiarch --disable-werror --with-arch-32=i686 --with-abi=m64 --with-multilib-list=m32,m64,mx32 --enable-multilib --with-tune=generic --enable-checking=release --build=x86_64-linux-gnu --host=x86_64-linux-gnu --target=x86_64-linux-gnu]
  ignore line: [Thread model: posix]
  ignore line: [gcc version 5.4.0 20160609 (Ubuntu 5.4.0-6ubuntu1~16.04.4) ]
  ignore line: [COMPILER_PATH=/usr/lib/gcc/x86_64-linux-gnu/5/:/usr/lib/gcc/x86_64-linux-gnu/5/:/usr/lib/gcc/x86_64-linux-gnu/:/usr/lib/gcc/x86_64-linux-gnu/5/:/usr/lib/gcc/x86_64-linux-gnu/]
  ignore line: [LIBRARY_PATH=/usr/lib/gcc/x86_64-linux-gnu/5/:/usr/lib/gcc/x86_64-linux-gnu/5/../../../x86_64-linux-gnu/:/usr/lib/gcc/x86_64-linux-gnu/5/../../../../lib/:/lib/x86_64-linux-gnu/:/lib/../lib/:/usr/lib/x86_64-linux-gnu/:/usr/lib/../lib/:/usr/lib/gcc/x86_64-linux-gnu/5/../../../:/lib/:/usr/lib/]
  ignore line: [COLLECT_GCC_OPTIONS='-v' '-o' 'cmTC_e9563' '-rdynamic' '-mtune=generic' '-march=x86-64']
  link line: [ /usr/lib/gcc/x86_64-linux-gnu/5/collect2 -plugin /usr/lib/gcc/x86_64-linux-gnu/5/liblto_plugin.so -plugin-opt=/usr/lib/gcc/x86_64-linux-gnu/5/lto-wrapper -plugin-opt=-fresolution=/tmp/ccDSn9yU.res -plugin-opt=-pass-through=-lgcc -plugin-opt=-pass-through=-lgcc_s -plugin-opt=-pass-through=-lc -plugin-opt=-pass-through=-lgcc -plugin-opt=-pass-through=-lgcc_s --sysroot=/ --build-id --eh-frame-hdr -m elf_x86_64 --hash-style=gnu --as-needed -export-dynamic -dynamic-linker /lib64/ld-linux-x86-64.so.2 -z relro -o cmTC_e9563 /usr/lib/gcc/x86_64-linux-gnu/5/../../../x86_64-linux-gnu/crt1.o /usr/lib/gcc/x86_64-linux-gnu/5/../../../x86_64-linux-gnu/crti.o /usr/lib/gcc/x86_64-linux-gnu/5/crtbegin.o -L/usr/lib/gcc/x86_64-linux-gnu/5 -L/usr/lib/gcc/x86_64-linux-gnu/5/../../../x86_64-linux-gnu -L/usr/lib/gcc/x86_64-linux-gnu/5/../../../../lib -L/lib/x86_64-linux-gnu -L/lib/../lib -L/usr/lib/x86_64-linux-gnu -L/usr/lib/../lib -L/usr/lib/gcc/x86_64-linux-gnu/5/../../.. CMakeFiles/cmTC_e9563.dir/CMakeCCompilerABI.c.o -lgcc --as-needed -lgcc_s --no-as-needed -lc -lgcc --as-needed -lgcc_s --no-as-needed /usr/lib/gcc/x86_64-linux-gnu/5/crtend.o /usr/lib/gcc/x86_64-linux-gnu/5/../../../x86_64-linux-gnu/crtn.o]
    arg [/usr/lib/gcc/x86_64-linux-gnu/5/collect2] ==> ignore
    arg [-plugin] ==> ignore
    arg [/usr/lib/gcc/x86_64-linux-gnu/5/liblto_plugin.so] ==> ignore
    arg [-plugin-opt=/usr/lib/gcc/x86_64-linux-gnu/5/lto-wrapper] ==> ignore
    arg [-plugin-opt=-fresolution=/tmp/ccDSn9yU.res] ==> ignore
    arg [-plugin-opt=-pass-through=-lgcc] ==> ignore
    arg [-plugin-opt=-pass-through=-lgcc_s] ==> ignore
    arg [-plugin-opt=-pass-through=-lc] ==> ignore
    arg [-plugin-opt=-pass-through=-lgcc] ==> ignore
    arg [-plugin-opt=-pass-through=-lgcc_s] ==> ignore
    arg [--sysroot=/] ==> ignore
    arg [--build-id] ==> ignore
    arg [--eh-frame-hdr] ==> ignore
    arg [-m] ==> ignore
    arg [elf_x86_64] ==> ignore
    arg [--hash-style=gnu] ==> ignore
    arg [--as-needed] ==> ignore
    arg [-export-dynamic] ==> ignore
    arg [-dynamic-linker] ==> ignore
    arg [/lib64/ld-linux-x86-64.so.2] ==> ignore
    arg [-zrelro] ==> ignore
    arg [-o] ==> ignore
    arg [cmTC_e9563] ==> ignore
    arg [/usr/lib/gcc/x86_64-linux-gnu/5/../../../x86_64-linux-gnu/crt1.o] ==> ignore
    arg [/usr/lib/gcc/x86_64-linux-gnu/5/../../../x86_64-linux-gnu/crti.o] ==> ignore
    arg [/usr/lib/gcc/x86_64-linux-gnu/5/crtbegin.o] ==> ignore
    arg [-L/usr/lib/gcc/x86_64-linux-gnu/5] ==> dir [/usr/lib/gcc/x86_64-linux-gnu/5]
    arg [-L/usr/lib/gcc/x86_64-linux-gnu/5/../../../x86_64-linux-gnu] ==> dir [/usr/lib/gcc/x86_64-linux-gnu/5/../../../x86_64-linux-gnu]
    arg [-L/usr/lib/gcc/x86_64-linux-gnu/5/../../../../lib] ==> dir [/usr/lib/gcc/x86_64-linux-gnu/5/../../../../lib]
    arg [-L/lib/x86_64-linux-gnu] ==> dir [/lib/x86_64-linux-gnu]
    arg [-L/lib/../lib] ==> dir [/lib/../lib]
    arg [-L/usr/lib/x86_64-linux-gnu] ==> dir [/usr/lib/x86_64-linux-gnu]
    arg [-L/usr/lib/../lib] ==> dir [/usr/lib/../lib]
    arg [-L/usr/lib/gcc/x86_64-linux-gnu/5/../../..] ==> dir [/usr/lib/gcc/x86_64-linux-gnu/5/../../..]
    arg [CMakeFiles/cmTC_e9563.dir/CMakeCCompilerABI.c.o] ==> ignore
    arg [-lgcc] ==> lib [gcc]
    arg [--as-needed] ==> ignore
    arg [-lgcc_s] ==> lib [gcc_s]
    arg [--no-as-needed] ==> ignore
    arg [-lc] ==> lib [c]
    arg [-lgcc] ==> lib [gcc]
    arg [--as-needed] ==> ignore
    arg [-lgcc_s] ==> lib [gcc_s]
    arg [--no-as-needed] ==> ignore
    arg [/usr/lib/gcc/x86_64-linux-gnu/5/crtend.o] ==> ignore
    arg [/usr/lib/gcc/x86_64-linux-gnu/5/../../../x86_64-linux-gnu/crtn.o] ==> ignore
  remove lib [gcc]
  remove lib [gcc_s]
  remove lib [gcc]
  remove lib [gcc_s]
  collapse library dir [/usr/lib/gcc/x86_64-linux-gnu/5] ==> [/usr/lib/gcc/x86_64-linux-gnu/5]
  collapse library dir [/usr/lib/gcc/x86_64-linux-gnu/5/../../../x86_64-linux-gnu] ==> [/usr/lib/x86_64-linux-gnu]
  collapse library dir [/usr/lib/gcc/x86_64-linux-gnu/5/../../../../lib] ==> [/usr/lib]
  collapse library dir [/lib/x86_64-linux-gnu] ==> [/lib/x86_64-linux-gnu]
  collapse library dir [/lib/../lib] ==> [/lib]
  collapse library dir [/usr/lib/x86_64-linux-gnu] ==> [/usr/lib/x86_64-linux-gnu]
  collapse library dir [/usr/lib/../lib] ==> [/usr/lib]
  collapse library dir [/usr/lib/gcc/x86_64-linux-gnu/5/../../..] ==> [/usr/lib]
  implicit libs: [c]
  implicit dirs: [/usr/lib/gcc/x86_64-linux-gnu/5;/usr/lib/x86_64-linux-gnu;/usr/lib;/lib/x86_64-linux-gnu;/lib]
  implicit fwks: []




Detecting C [-std=c11] compiler features compiled with the following output:
Change Dir: /home/chris/Documents/orbslam2/pangolin/Pangolin/build/CMakeFiles/CMakeTmp

Run Build Command:"/usr/bin/make" "cmTC_cbbd7/fast"
/usr/bin/make -f CMakeFiles/cmTC_cbbd7.dir/build.make CMakeFiles/cmTC_cbbd7.dir/build
make[1]: Entering directory '/home/chris/Documents/orbslam2/pangolin/Pangolin/build/CMakeFiles/CMakeTmp'
Building C object CMakeFiles/cmTC_cbbd7.dir/feature_tests.c.o
/usr/bin/cc    -std=c11 -o CMakeFiles/cmTC_cbbd7.dir/feature_tests.c.o   -c /home/chris/Documents/orbslam2/pangolin/Pangolin/build/CMakeFiles/feature_tests.c
Linking C executable cmTC_cbbd7
/usr/bin/cmake -E cmake_link_script CMakeFiles/cmTC_cbbd7.dir/link.txt --verbose=1
/usr/bin/cc       CMakeFiles/cmTC_cbbd7.dir/feature_tests.c.o  -o cmTC_cbbd7 -rdynamic 
make[1]: Leaving directory '/home/chris/Documents/orbslam2/pangolin/Pangolin/build/CMakeFiles/CMakeTmp'


    Feature record: C_FEATURE:1c_function_prototypes
    Feature record: C_FEATURE:1c_restrict
    Feature record: C_FEATURE:1c_static_assert
    Feature record: C_FEATURE:1c_variadic_macros


Detecting C [-std=c99] compiler features compiled with the following output:
Change Dir: /home/chris/Documents/orbslam2/pangolin/Pangolin/build/CMakeFiles/CMakeTmp

Run Build Command:"/usr/bin/make" "cmTC_5d80b/fast"
/usr/bin/make -f CMakeFiles/cmTC_5d80b.dir/build.make CMakeFiles/cmTC_5d80b.dir/build
make[1]: Entering directory '/home/chris/Documents/orbslam2/pangolin/Pangolin/build/CMakeFiles/CMakeTmp'
Building C object CMakeFiles/cmTC_5d80b.dir/feature_tests.c.o
/usr/bin/cc    -std=c99 -o CMakeFiles/cmTC_5d80b.dir/feature_tests.c.o   -c /home/chris/Documents/orbslam2/pangolin/Pangolin/build/CMakeFiles/feature_tests.c
Linking C executable cmTC_5d80b
/usr/bin/cmake -E cmake_link_script CMakeFiles/cmTC_5d80b.dir/link.txt --verbose=1
/usr/bin/cc       CMakeFiles/cmTC_5d80b.dir/feature_tests.c.o  -o cmTC_5d80b -rdynamic 
make[1]: Leaving directory '/home/chris/Documents/orbslam2/pangolin/Pangolin/build/CMakeFiles/CMakeTmp'


    Feature record: C_FEATURE:1c_function_prototypes
    Feature record: C_FEATURE:1c_restrict
    Feature record: C_FEATURE:0c_static_assert
    Feature record: C_FEATURE:1c_variadic_macros


Detecting C [-std=c90] compiler features compiled with the following output:
Change Dir: /home/chris/Documents/orbslam2/pangolin/Pangolin/build/CMakeFiles/CMakeTmp

Run Build Command:"/usr/bin/make" "cmTC_72e63/fast"
/usr/bin/make -f CMakeFiles/cmTC_72e63.dir/build.make CMakeFiles/cmTC_72e63.dir/build
make[1]: Entering directory '/home/chris/Documents/orbslam2/pangolin/Pangolin/build/CMakeFiles/CMakeTmp'
Building C object CMakeFiles/cmTC_72e63.dir/feature_tests.c.o
/usr/bin/cc    -std=c90 -o CMakeFiles/cmTC_72e63.dir/feature_tests.c.o   -c /home/chris/Documents/orbslam2/pangolin/Pangolin/build/CMakeFiles/feature_tests.c
Linking C executable cmTC_72e63
/usr/bin/cmake -E cmake_link_script CMakeFiles/cmTC_72e63.dir/link.txt --verbose=1
/usr/bin/cc       CMakeFiles/cmTC_72e63.dir/feature_tests.c.o  -o cmTC_72e63 -rdynamic 
make[1]: Leaving directory '/home/chris/Documents/orbslam2/pangolin/Pangolin/build/CMakeFiles/CMakeTmp'


    Feature record: C_FEATURE:1c_function_prototypes
    Feature record: C_FEATURE:0c_restrict
    Feature record: C_FEATURE:0c_static_assert
    Feature record: C_FEATURE:0c_variadic_macros
Determining if the CXX compiler works passed with the following output:
Change Dir: /home/chris/Documents/orbslam2/pangolin/Pangolin/build/CMakeFiles/CMakeTmp

Run Build Command:"/usr/bin/make" "cmTC_d907d/fast"
/usr/bin/make -f CMakeFiles/cmTC_d907d.dir/build.make CMakeFiles/cmTC_d907d.dir/build
make[1]: Entering directory '/home/chris/Documents/orbslam2/pangolin/Pangolin/build/CMakeFiles/CMakeTmp'
Building CXX object CMakeFiles/cmTC_d907d.dir/testCXXCompiler.cxx.o
/usr/bin/c++      -o CMakeFiles/cmTC_d907d.dir/testCXXCompiler.cxx.o -c /home/chris/Documents/orbslam2/pangolin/Pangolin/build/CMakeFiles/CMakeTmp/testCXXCompiler.cxx
Linking CXX executable cmTC_d907d
/usr/bin/cmake -E cmake_link_script CMakeFiles/cmTC_d907d.dir/link.txt --verbose=1
/usr/bin/c++        CMakeFiles/cmTC_d907d.dir/testCXXCompiler.cxx.o  -o cmTC_d907d -rdynamic 
make[1]: Leaving directory '/home/chris/Documents/orbslam2/pangolin/Pangolin/build/CMakeFiles/CMakeTmp'


Detecting CXX compiler ABI info compiled with the following output:
Change Dir: /home/chris/Documents/orbslam2/pangolin/Pangolin/build/CMakeFiles/CMakeTmp

Run Build Command:"/usr/bin/make" "cmTC_ab555/fast"
/usr/bin/make -f CMakeFiles/cmTC_ab555.dir/build.make CMakeFiles/cmTC_ab555.dir/build
make[1]: Entering directory '/home/chris/Documents/orbslam2/pangolin/Pangolin/build/CMakeFiles/CMakeTmp'
Building CXX object CMakeFiles/cmTC_ab555.dir/CMakeCXXCompilerABI.cpp.o
/usr/bin/c++      -o CMakeFiles/cmTC_ab555.dir/CMakeCXXCompilerABI.cpp.o -c /usr/share/cmake-3.5/Modules/CMakeCXXCompilerABI.cpp
Linking CXX executable cmTC_ab555
/usr/bin/cmake -E cmake_link_script CMakeFiles/cmTC_ab555.dir/link.txt --verbose=1
/usr/bin/c++       -v CMakeFiles/cmTC_ab555.dir/CMakeCXXCompilerABI.cpp.o  -o cmTC_ab555 -rdynamic  
Using built-in specs.
COLLECT_GCC=/usr/bin/c++
COLLECT_LTO_WRAPPER=/usr/lib/gcc/x86_64-linux-gnu/5/lto-wrapper
Target: x86_64-linux-gnu
Configured with: ../src/configure -v --with-pkgversion='Ubuntu 5.4.0-6ubuntu1~16.04.4' --with-bugurl=file:///usr/share/doc/gcc-5/README.Bugs --enable-languages=c,ada,c++,java,go,d,fortran,objc,obj-c++ --prefix=/usr --program-suffix=-5 --enable-shared --enable-linker-build-id --libexecdir=/usr/lib --without-included-gettext --enable-threads=posix --libdir=/usr/lib --enable-nls --with-sysroot=/ --enable-clocale=gnu --enable-libstdcxx-debug --enable-libstdcxx-time=yes --with-default-libstdcxx-abi=new --enable-gnu-unique-object --disable-vtable-verify --enable-libmpx --enable-plugin --with-system-zlib --disable-browser-plugin --enable-java-awt=gtk --enable-gtk-cairo --with-java-home=/usr/lib/jvm/java-1.5.0-gcj-5-amd64/jre --enable-java-home --with-jvm-root-dir=/usr/lib/jvm/java-1.5.0-gcj-5-amd64 --with-jvm-jar-dir=/usr/lib/jvm-exports/java-1.5.0-gcj-5-amd64 --with-arch-directory=amd64 --with-ecj-jar=/usr/share/java/eclipse-ecj.jar --enable-objc-gc --enable-multiarch --disable-werror --with-arch-32=i686 --with-abi=m64 --with-multilib-list=m32,m64,mx32 --enable-multilib --with-tune=generic --enable-checking=release --build=x86_64-linux-gnu --host=x86_64-linux-gnu --target=x86_64-linux-gnu
Thread model: posix
gcc version 5.4.0 20160609 (Ubuntu 5.4.0-6ubuntu1~16.04.4) 
COMPILER_PATH=/usr/lib/gcc/x86_64-linux-gnu/5/:/usr/lib/gcc/x86_64-linux-gnu/5/:/usr/lib/gcc/x86_64-linux-gnu/:/usr/lib/gcc/x86_64-linux-gnu/5/:/usr/lib/gcc/x86_64-linux-gnu/
LIBRARY_PATH=/usr/lib/gcc/x86_64-linux-gnu/5/:/usr/lib/gcc/x86_64-linux-gnu/5/../../../x86_64-linux-gnu/:/usr/lib/gcc/x86_64-linux-gnu/5/../../../../lib/:/lib/x86_64-linux-gnu/:/lib/../lib/:/usr/lib/x86_64-linux-gnu/:/usr/lib/../lib/:/usr/lib/gcc/x86_64-linux-gnu/5/../../../:/lib/:/usr/lib/
COLLECT_GCC_OPTIONS='-v' '-o' 'cmTC_ab555' '-rdynamic' '-shared-libgcc' '-mtune=generic' '-march=x86-64'
 /usr/lib/gcc/x86_64-linux-gnu/5/collect2 -plugin /usr/lib/gcc/x86_64-linux-gnu/5/liblto_plugin.so -plugin-opt=/usr/lib/gcc/x86_64-linux-gnu/5/lto-wrapper -plugin-opt=-fresolution=/tmp/ccdf5Dcf.res -plugin-opt=-pass-through=-lgcc_s -plugin-opt=-pass-through=-lgcc -plugin-opt=-pass-through=-lc -plugin-opt=-pass-through=-lgcc_s -plugin-opt=-pass-through=-lgcc --sysroot=/ --build-id --eh-frame-hdr -m elf_x86_64 --hash-style=gnu --as-needed -export-dynamic -dynamic-linker /lib64/ld-linux-x86-64.so.2 -z relro -o cmTC_ab555 /usr/lib/gcc/x86_64-linux-gnu/5/../../../x86_64-linux-gnu/crt1.o /usr/lib/gcc/x86_64-linux-gnu/5/../../../x86_64-linux-gnu/crti.o /usr/lib/gcc/x86_64-linux-gnu/5/crtbegin.o -L/usr/lib/gcc/x86_64-linux-gnu/5 -L/usr/lib/gcc/x86_64-linux-gnu/5/../../../x86_64-linux-gnu -L/usr/lib/gcc/x86_64-linux-gnu/5/../../../../lib -L/lib/x86_64-linux-gnu -L/lib/../lib -L/usr/lib/x86_64-linux-gnu -L/usr/lib/../lib -L/usr/lib/gcc/x86_64-linux-gnu/5/../../.. CMakeFiles/cmTC_ab555.dir/CMakeCXXCompilerABI.cpp.o -lstdc++ -lm -lgcc_s -lgcc -lc -lgcc_s -lgcc /usr/lib/gcc/x86_64-linux-gnu/5/crtend.o /usr/lib/gcc/x86_64-linux-gnu/5/../../../x86_64-linux-gnu/crtn.o
make[1]: Leaving directory '/home/chris/Documents/orbslam2/pangolin/Pangolin/build/CMakeFiles/CMakeTmp'


Parsed CXX implicit link information from above output:
  link line regex: [^( *|.*[/\])(ld|([^/\]+-)?ld|collect2)[^/\]*( |$)]
  ignore line: [Change Dir: /home/chris/Documents/orbslam2/pangolin/Pangolin/build/CMakeFiles/CMakeTmp]
  ignore line: []
  ignore line: [Run Build Command:"/usr/bin/make" "cmTC_ab555/fast"]
  ignore line: [/usr/bin/make -f CMakeFiles/cmTC_ab555.dir/build.make CMakeFiles/cmTC_ab555.dir/build]
  ignore line: [make[1]: Entering directory '/home/chris/Documents/orbslam2/pangolin/Pangolin/build/CMakeFiles/CMakeTmp']
  ignore line: [Building CXX object CMakeFiles/cmTC_ab555.dir/CMakeCXXCompilerABI.cpp.o]
  ignore line: [/usr/bin/c++      -o CMakeFiles/cmTC_ab555.dir/CMakeCXXCompilerABI.cpp.o -c /usr/share/cmake-3.5/Modules/CMakeCXXCompilerABI.cpp]
  ignore line: [Linking CXX executable cmTC_ab555]
  ignore line: [/usr/bin/cmake -E cmake_link_script CMakeFiles/cmTC_ab555.dir/link.txt --verbose=1]
  ignore line: [/usr/bin/c++       -v CMakeFiles/cmTC_ab555.dir/CMakeCXXCompilerABI.cpp.o  -o cmTC_ab555 -rdynamic  ]
  ignore line: [Using built-in specs.]
  ignore line: [COLLECT_GCC=/usr/bin/c++]
  ignore line: [COLLECT_LTO_WRAPPER=/usr/lib/gcc/x86_64-linux-gnu/5/lto-wrapper]
  ignore line: [Target: x86_64-linux-gnu]
  ignore line: [Configured with: ../src/configure -v --with-pkgversion='Ubuntu 5.4.0-6ubuntu1~16.04.4' --with-bugurl=file:///usr/share/doc/gcc-5/README.Bugs --enable-languages=c,ada,c++,java,go,d,fortran,objc,obj-c++ --prefix=/usr --program-suffix=-5 --enable-shared --enable-linker-build-id --libexecdir=/usr/lib --without-included-gettext --enable-threads=posix --libdir=/usr/lib --enable-nls --with-sysroot=/ --enable-clocale=gnu --enable-libstdcxx-debug --enable-libstdcxx-time=yes --with-default-libstdcxx-abi=new --enable-gnu-unique-object --disable-vtable-verify --enable-libmpx --enable-plugin --with-system-zlib --disable-browser-plugin --enable-java-awt=gtk --enable-gtk-cairo --with-java-home=/usr/lib/jvm/java-1.5.0-gcj-5-amd64/jre --enable-java-home --with-jvm-root-dir=/usr/lib/jvm/java-1.5.0-gcj-5-amd64 --with-jvm-jar-dir=/usr/lib/jvm-exports/java-1.5.0-gcj-5-amd64 --with-arch-directory=amd64 --with-ecj-jar=/usr/share/java/eclipse-ecj.jar --enable-objc-gc --enable-multiarch --disable-werror --with-arch-32=i686 --with-abi=m64 --with-multilib-list=m32,m64,mx32 --enable-multilib --with-tune=generic --enable-checking=release --build=x86_64-linux-gnu --host=x86_64-linux-gnu --target=x86_64-linux-gnu]
  ignore line: [Thread model: posix]
  ignore line: [gcc version 5.4.0 20160609 (Ubuntu 5.4.0-6ubuntu1~16.04.4) ]
  ignore line: [COMPILER_PATH=/usr/lib/gcc/x86_64-linux-gnu/5/:/usr/lib/gcc/x86_64-linux-gnu/5/:/usr/lib/gcc/x86_64-linux-gnu/:/usr/lib/gcc/x86_64-linux-gnu/5/:/usr/lib/gcc/x86_64-linux-gnu/]
  ignore line: [LIBRARY_PATH=/usr/lib/gcc/x86_64-linux-gnu/5/:/usr/lib/gcc/x86_64-linux-gnu/5/../../../x86_64-linux-gnu/:/usr/lib/gcc/x86_64-linux-gnu/5/../../../../lib/:/lib/x86_64-linux-gnu/:/lib/../lib/:/usr/lib/x86_64-linux-gnu/:/usr/lib/../lib/:/usr/lib/gcc/x86_64-linux-gnu/5/../../../:/lib/:/usr/lib/]
  ignore line: [COLLECT_GCC_OPTIONS='-v' '-o' 'cmTC_ab555' '-rdynamic' '-shared-libgcc' '-mtune=generic' '-march=x86-64']
  link line: [ /usr/lib/gcc/x86_64-linux-gnu/5/collect2 -plugin /usr/lib/gcc/x86_64-linux-gnu/5/liblto_plugin.so -plugin-opt=/usr/lib/gcc/x86_64-linux-gnu/5/lto-wrapper -plugin-opt=-fresolution=/tmp/ccdf5Dcf.res -plugin-opt=-pass-through=-lgcc_s -plugin-opt=-pass-through=-lgcc -plugin-opt=-pass-through=-lc -plugin-opt=-pass-through=-lgcc_s -plugin-opt=-pass-through=-lgcc --sysroot=/ --build-id --eh-frame-hdr -m elf_x86_64 --hash-style=gnu --as-needed -export-dynamic -dynamic-linker /lib64/ld-linux-x86-64.so.2 -z relro -o cmTC_ab555 /usr/lib/gcc/x86_64-linux-gnu/5/../../../x86_64-linux-gnu/crt1.o /usr/lib/gcc/x86_64-linux-gnu/5/../../../x86_64-linux-gnu/crti.o /usr/lib/gcc/x86_64-linux-gnu/5/crtbegin.o -L/usr/lib/gcc/x86_64-linux-gnu/5 -L/usr/lib/gcc/x86_64-linux-gnu/5/../../../x86_64-linux-gnu -L/usr/lib/gcc/x86_64-linux-gnu/5/../../../../lib -L/lib/x86_64-linux-gnu -L/lib/../lib -L/usr/lib/x86_64-linux-gnu -L/usr/lib/../lib -L/usr/lib/gcc/x86_64-linux-gnu/5/../../.. CMakeFiles/cmTC_ab555.dir/CMakeCXXCompilerABI.cpp.o -lstdc++ -lm -lgcc_s -lgcc -lc -lgcc_s -lgcc /usr/lib/gcc/x86_64-linux-gnu/5/crtend.o /usr/lib/gcc/x86_64-linux-gnu/5/../../../x86_64-linux-gnu/crtn.o]
    arg [/usr/lib/gcc/x86_64-linux-gnu/5/collect2] ==> ignore
    arg [-plugin] ==> ignore
    arg [/usr/lib/gcc/x86_64-linux-gnu/5/liblto_plugin.so] ==> ignore
    arg [-plugin-opt=/usr/lib/gcc/x86_64-linux-gnu/5/lto-wrapper] ==> ignore
    arg [-plugin-opt=-fresolution=/tmp/ccdf5Dcf.res] ==> ignore
    arg [-plugin-opt=-pass-through=-lgcc_s] ==> ignore
    arg [-plugin-opt=-pass-through=-lgcc] ==> ignore
    arg [-plugin-opt=-pass-through=-lc] ==> ignore
    arg [-plugin-opt=-pass-through=-lgcc_s] ==> ignore
    arg [-plugin-opt=-pass-through=-lgcc] ==> ignore
    arg [--sysroot=/] ==> ignore
    arg [--build-id] ==> ignore
    arg [--eh-frame-hdr] ==> ignore
    arg [-m] ==> ignore
    arg [elf_x86_64] ==> ignore
    arg [--hash-style=gnu] ==> ignore
    arg [--as-needed] ==> ignore
    arg [-export-dynamic] ==> ignore
    arg [-dynamic-linker] ==> ignore
    arg [/lib64/ld-linux-x86-64.so.2] ==> ignore
    arg [-zrelro] ==> ignore
    arg [-o] ==> ignore
    arg [cmTC_ab555] ==> ignore
    arg [/usr/lib/gcc/x86_64-linux-gnu/5/../../../x86_64-linux-gnu/crt1.o] ==> ignore
    arg [/usr/lib/gcc/x86_64-linux-gnu/5/../../../x86_64-linux-gnu/crti.o] ==> ignore
    arg [/usr/lib/gcc/x86_64-linux-gnu/5/crtbegin.o] ==> ignore
    arg [-L/usr/lib/gcc/x86_64-linux-gnu/5] ==> dir [/usr/lib/gcc/x86_64-linux-gnu/5]
    arg [-L/usr/lib/gcc/x86_64-linux-gnu/5/../../../x86_64-linux-gnu] ==> dir [/usr/lib/gcc/x86_64-linux-gnu/5/../../../x86_64-linux-gnu]
    arg [-L/usr/lib/gcc/x86_64-linux-gnu/5/../../../../lib] ==> dir [/usr/lib/gcc/x86_64-linux-gnu/5/../../../../lib]
    arg [-L/lib/x86_64-linux-gnu] ==> dir [/lib/x86_64-linux-gnu]
    arg [-L/lib/../lib] ==> dir [/lib/../lib]
    arg [-L/usr/lib/x86_64-linux-gnu] ==> dir [/usr/lib/x86_64-linux-gnu]
    arg [-L/usr/lib/../lib] ==> dir [/usr/lib/../lib]
    arg [-L/usr/lib/gcc/x86_64-linux-gnu/5/../../..] ==> dir [/usr/lib/gcc/x86_64-linux-gnu/5/../../..]
    arg [CMakeFiles/cmTC_ab555.dir/CMakeCXXCompilerABI.cpp.o] ==> ignore
    arg [-lstdc++] ==> lib [stdc++]
    arg [-lm] ==> lib [m]
    arg [-lgcc_s] ==> lib [gcc_s]
    arg [-lgcc] ==> lib [gcc]
    arg [-lc] ==> lib [c]
    arg [-lgcc_s] ==> lib [gcc_s]
    arg [-lgcc] ==> lib [gcc]
    arg [/usr/lib/gcc/x86_64-linux-gnu/5/crtend.o] ==> ignore
    arg [/usr/lib/gcc/x86_64-linux-gnu/5/../../../x86_64-linux-gnu/crtn.o] ==> ignore
  remove lib [gcc_s]
  remove lib [gcc]
  remove lib [gcc_s]
  remove lib [gcc]
  collapse library dir [/usr/lib/gcc/x86_64-linux-gnu/5] ==> [/usr/lib/gcc/x86_64-linux-gnu/5]
  collapse library dir [/usr/lib/gcc/x86_64-linux-gnu/5/../../../x86_64-linux-gnu] ==> [/usr/lib/x86_64-linux-gnu]
  collapse library dir [/usr/lib/gcc/x86_64-linux-gnu/5/../../../../lib] ==> [/usr/lib]
  collapse library dir [/lib/x86_64-linux-gnu] ==> [/lib/x86_64-linux-gnu]
  collapse library dir [/lib/../lib] ==> [/lib]
  collapse library dir [/usr/lib/x86_64-linux-gnu] ==> [/usr/lib/x86_64-linux-gnu]
  collapse library dir [/usr/lib/../lib] ==> [/usr/lib]
  collapse library dir [/usr/lib/gcc/x86_64-linux-gnu/5/../../..] ==> [/usr/lib]
  implicit libs: [stdc++;m;c]
  implicit dirs: [/usr/lib/gcc/x86_64-linux-gnu/5;/usr/lib/x86_64-linux-gnu;/usr/lib;/lib/x86_64-linux-gnu;/lib]
  implicit fwks: []




Detecting CXX [-std=c++14] compiler features compiled with the following output:
Change Dir: /home/chris/Documents/orbslam2/pangolin/Pangolin/build/CMakeFiles/CMakeTmp

Run Build Command:"/usr/bin/make" "cmTC_e0d44/fast"
/usr/bin/make -f CMakeFiles/cmTC_e0d44.dir/build.make CMakeFiles/cmTC_e0d44.dir/build
make[1]: Entering directory '/home/chris/Documents/orbslam2/pangolin/Pangolin/build/CMakeFiles/CMakeTmp'
Building CXX object CMakeFiles/cmTC_e0d44.dir/feature_tests.cxx.o
/usr/bin/c++     -std=c++14 -o CMakeFiles/cmTC_e0d44.dir/feature_tests.cxx.o -c /home/chris/Documents/orbslam2/pangolin/Pangolin/build/CMakeFiles/feature_tests.cxx
Linking CXX executable cmTC_e0d44
/usr/bin/cmake -E cmake_link_script CMakeFiles/cmTC_e0d44.dir/link.txt --verbose=1
/usr/bin/c++        CMakeFiles/cmTC_e0d44.dir/feature_tests.cxx.o  -o cmTC_e0d44 -rdynamic 
make[1]: Leaving directory '/home/chris/Documents/orbslam2/pangolin/Pangolin/build/CMakeFiles/CMakeTmp'


    Feature record: CXX_FEATURE:1cxx_aggregate_default_initializers
    Feature record: CXX_FEATURE:1cxx_alias_templates
    Feature record: CXX_FEATURE:1cxx_alignas
    Feature record: CXX_FEATURE:1cxx_alignof
    Feature record: CXX_FEATURE:1cxx_attributes
    Feature record: CXX_FEATURE:1cxx_attribute_deprecated
    Feature record: CXX_FEATURE:1cxx_auto_type
    Feature record: CXX_FEATURE:1cxx_binary_literals
    Feature record: CXX_FEATURE:1cxx_constexpr
    Feature record: CXX_FEATURE:1cxx_contextual_conversions
    Feature record: CXX_FEATURE:1cxx_decltype
    Feature record: CXX_FEATURE:1cxx_decltype_auto
    Feature record: CXX_FEATURE:1cxx_decltype_incomplete_return_types
    Feature record: CXX_FEATURE:1cxx_default_function_template_args
    Feature record: CXX_FEATURE:1cxx_defaulted_functions
    Feature record: CXX_FEATURE:1cxx_defaulted_move_initializers
    Feature record: CXX_FEATURE:1cxx_delegating_constructors
    Feature record: CXX_FEATURE:1cxx_deleted_functions
    Feature record: CXX_FEATURE:1cxx_digit_separators
    Feature record: CXX_FEATURE:1cxx_enum_forward_declarations
    Feature record: CXX_FEATURE:1cxx_explicit_conversions
    Feature record: CXX_FEATURE:1cxx_extended_friend_declarations
    Feature record: CXX_FEATURE:1cxx_extern_templates
    Feature record: CXX_FEATURE:1cxx_final
    Feature record: CXX_FEATURE:1cxx_func_identifier
    Feature record: CXX_FEATURE:1cxx_generalized_initializers
    Feature record: CXX_FEATURE:1cxx_generic_lambdas
    Feature record: CXX_FEATURE:1cxx_inheriting_constructors
    Feature record: CXX_FEATURE:1cxx_inline_namespaces
    Feature record: CXX_FEATURE:1cxx_lambdas
    Feature record: CXX_FEATURE:1cxx_lambda_init_captures
    Feature record: CXX_FEATURE:1cxx_local_type_template_args
    Feature record: CXX_FEATURE:1cxx_long_long_type
    Feature record: CXX_FEATURE:1cxx_noexcept
    Feature record: CXX_FEATURE:1cxx_nonstatic_member_init
    Feature record: CXX_FEATURE:1cxx_nullptr
    Feature record: CXX_FEATURE:1cxx_override
    Feature record: CXX_FEATURE:1cxx_range_for
    Feature record: CXX_FEATURE:1cxx_raw_string_literals
    Feature record: CXX_FEATURE:1cxx_reference_qualified_functions
    Feature record: CXX_FEATURE:1cxx_relaxed_constexpr
    Feature record: CXX_FEATURE:1cxx_return_type_deduction
    Feature record: CXX_FEATURE:1cxx_right_angle_brackets
    Feature record: CXX_FEATURE:1cxx_rvalue_references
    Feature record: CXX_FEATURE:1cxx_sizeof_member
    Feature record: CXX_FEATURE:1cxx_static_assert
    Feature record: CXX_FEATURE:1cxx_strong_enums
    Feature record: CXX_FEATURE:1cxx_template_template_parameters
    Feature record: CXX_FEATURE:1cxx_thread_local
    Feature record: CXX_FEATURE:1cxx_trailing_return_types
    Feature record: CXX_FEATURE:1cxx_unicode_literals
    Feature record: CXX_FEATURE:1cxx_uniform_initialization
    Feature record: CXX_FEATURE:1cxx_unrestricted_unions
    Feature record: CXX_FEATURE:1cxx_user_literals
    Feature record: CXX_FEATURE:1cxx_variable_templates
    Feature record: CXX_FEATURE:1cxx_variadic_macros
    Feature record: CXX_FEATURE:1cxx_variadic_templates


Detecting CXX [-std=c++11] compiler features compiled with the following output:
Change Dir: /home/chris/Documents/orbslam2/pangolin/Pangolin/build/CMakeFiles/CMakeTmp

Run Build Command:"/usr/bin/make" "cmTC_ce6ad/fast"
/usr/bin/make -f CMakeFiles/cmTC_ce6ad.dir/build.make CMakeFiles/cmTC_ce6ad.dir/build
make[1]: Entering directory '/home/chris/Documents/orbslam2/pangolin/Pangolin/build/CMakeFiles/CMakeTmp'
Building CXX object CMakeFiles/cmTC_ce6ad.dir/feature_tests.cxx.o
/usr/bin/c++     -std=c++11 -o CMakeFiles/cmTC_ce6ad.dir/feature_tests.cxx.o -c /home/chris/Documents/orbslam2/pangolin/Pangolin/build/CMakeFiles/feature_tests.cxx
Linking CXX executable cmTC_ce6ad
/usr/bin/cmake -E cmake_link_script CMakeFiles/cmTC_ce6ad.dir/link.txt --verbose=1
/usr/bin/c++        CMakeFiles/cmTC_ce6ad.dir/feature_tests.cxx.o  -o cmTC_ce6ad -rdynamic 
make[1]: Leaving directory '/home/chris/Documents/orbslam2/pangolin/Pangolin/build/CMakeFiles/CMakeTmp'


    Feature record: CXX_FEATURE:0cxx_aggregate_default_initializers
    Feature record: CXX_FEATURE:1cxx_alias_templates
    Feature record: CXX_FEATURE:1cxx_alignas
    Feature record: CXX_FEATURE:1cxx_alignof
    Feature record: CXX_FEATURE:1cxx_attributes
    Feature record: CXX_FEATURE:0cxx_attribute_deprecated
    Feature record: CXX_FEATURE:1cxx_auto_type
    Feature record: CXX_FEATURE:0cxx_binary_literals
    Feature record: CXX_FEATURE:1cxx_constexpr
    Feature record: CXX_FEATURE:0cxx_contextual_conversions
    Feature record: CXX_FEATURE:1cxx_decltype
    Feature record: CXX_FEATURE:0cxx_decltype_auto
    Feature record: CXX_FEATURE:1cxx_decltype_incomplete_return_types
    Feature record: CXX_FEATURE:1cxx_default_function_template_args
    Feature record: CXX_FEATURE:1cxx_defaulted_functions
    Feature record: CXX_FEATURE:1cxx_defaulted_move_initializers
    Feature record: CXX_FEATURE:1cxx_delegating_constructors
    Feature record: CXX_FEATURE:1cxx_deleted_functions
    Feature record: CXX_FEATURE:0cxx_digit_separators
    Feature record: CXX_FEATURE:1cxx_enum_forward_declarations
    Feature record: CXX_FEATURE:1cxx_explicit_conversions
    Feature record: CXX_FEATURE:1cxx_extended_friend_declarations
    Feature record: CXX_FEATURE:1cxx_extern_templates
    Feature record: CXX_FEATURE:1cxx_final
    Feature record: CXX_FEATURE:1cxx_func_identifier
    Feature record: CXX_FEATURE:1cxx_generalized_initializers
    Feature record: CXX_FEATURE:0cxx_generic_lambdas
    Feature record: CXX_FEATURE:1cxx_inheriting_constructors
    Feature record: CXX_FEATURE:1cxx_inline_namespaces
    Feature record: CXX_FEATURE:1cxx_lambdas
    Feature record: CXX_FEATURE:0cxx_lambda_init_captures
    Feature record: CXX_FEATURE:1cxx_local_type_template_args
    Feature record: CXX_FEATURE:1cxx_long_long_type
    Feature record: CXX_FEATURE:1cxx_noexcept
    Feature record: CXX_FEATURE:1cxx_nonstatic_member_init
    Feature record: CXX_FEATURE:1cxx_nullptr
    Feature record: CXX_FEATURE:1cxx_override
    Feature record: CXX_FEATURE:1cxx_range_for
    Feature record: CXX_FEATURE:1cxx_raw_string_literals
    Feature record: CXX_FEATURE:1cxx_reference_qualified_functions
    Feature record: CXX_FEATURE:0cxx_relaxed_constexpr
    Feature record: CXX_FEATURE:0cxx_return_type_deduction
    Feature record: CXX_FEATURE:1cxx_right_angle_brackets
    Feature record: CXX_FEATURE:1cxx_rvalue_references
    Feature record: CXX_FEATURE:1cxx_sizeof_member
    Feature record: CXX_FEATURE:1cxx_static_assert
    Feature record: CXX_FEATURE:1cxx_strong_enums
    Feature record: CXX_FEATURE:1cxx_template_template_parameters
    Feature record: CXX_FEATURE:1cxx_thread_local
    Feature record: CXX_FEATURE:1cxx_trailing_return_types
    Feature record: CXX_FEATURE:1cxx_unicode_literals
    Feature record: CXX_FEATURE:1cxx_uniform_initialization
    Feature record: CXX_FEATURE:1cxx_unrestricted_unions
    Feature record: CXX_FEATURE:1cxx_user_literals
    Feature record: CXX_FEATURE:0cxx_variable_templates
    Feature record: CXX_FEATURE:1cxx_variadic_macros
    Feature record: CXX_FEATURE:1cxx_variadic_templates


Detecting CXX [-std=c++98] compiler features compiled with the following output:
Change Dir: /home/chris/Documents/orbslam2/pangolin/Pangolin/build/CMakeFiles/CMakeTmp

Run Build Command:"/usr/bin/make" "cmTC_0687f/fast"
/usr/bin/make -f CMakeFiles/cmTC_0687f.dir/build.make CMakeFiles/cmTC_0687f.dir/build
make[1]: Entering directory '/home/chris/Documents/orbslam2/pangolin/Pangolin/build/CMakeFiles/CMakeTmp'
Building CXX object CMakeFiles/cmTC_0687f.dir/feature_tests.cxx.o
/usr/bin/c++     -std=c++98 -o CMakeFiles/cmTC_0687f.dir/feature_tests.cxx.o -c /home/chris/Documents/orbslam2/pangolin/Pangolin/build/CMakeFiles/feature_tests.cxx
Linking CXX executable cmTC_0687f
/usr/bin/cmake -E cmake_link_script CMakeFiles/cmTC_0687f.dir/link.txt --verbose=1
/usr/bin/c++        CMakeFiles/cmTC_0687f.dir/feature_tests.cxx.o  -o cmTC_0687f -rdynamic 
make[1]: Leaving directory '/home/chris/Documents/orbslam2/pangolin/Pangolin/build/CMakeFiles/CMakeTmp'


    Feature record: CXX_FEATURE:0cxx_aggregate_default_initializers
    Feature record: CXX_FEATURE:0cxx_alias_templates
    Feature record: CXX_FEATURE:0cxx_alignas
    Feature record: CXX_FEATURE:0cxx_alignof
    Feature record: CXX_FEATURE:0cxx_attributes
    Feature record: CXX_FEATURE:0cxx_attribute_deprecated
    Feature record: CXX_FEATURE:0cxx_auto_type
    Feature record: CXX_FEATURE:0cxx_binary_literals
    Feature record: CXX_FEATURE:0cxx_constexpr
    Feature record: CXX_FEATURE:0cxx_contextual_conversions
    Feature record: CXX_FEATURE:0cxx_decltype
    Feature record: CXX_FEATURE:0cxx_decltype_auto
    Feature record: CXX_FEATURE:0cxx_decltype_incomplete_return_types
    Feature record: CXX_FEATURE:0cxx_default_function_template_args
    Feature record: CXX_FEATURE:0cxx_defaulted_functions
    Feature record: CXX_FEATURE:0cxx_defaulted_move_initializers
    Feature record: CXX_FEATURE:0cxx_delegating_constructors
    Feature record: CXX_FEATURE:0cxx_deleted_functions
    Feature record: CXX_FEATURE:0cxx_digit_separators
    Feature record: CXX_FEATURE:0cxx_enum_forward_declarations
    Feature record: CXX_FEATURE:0cxx_explicit_conversions
    Feature record: CXX_FEATURE:0cxx_extended_friend_declarations
    Feature record: CXX_FEATURE:0cxx_extern_templates
    Feature record: CXX_FEATURE:0cxx_final
    Feature record: CXX_FEATURE:0cxx_func_identifier
    Feature record: CXX_FEATURE:0cxx_generalized_initializers
    Feature record: CXX_FEATURE:0cxx_generic_lambdas
    Feature record: CXX_FEATURE:0cxx_inheriting_constructors
    Feature record: CXX_FEATURE:0cxx_inline_namespaces
    Feature record: CXX_FEATURE:0cxx_lambdas
    Feature record: CXX_FEATURE:0cxx_lambda_init_captures
    Feature record: CXX_FEATURE:0cxx_local_type_template_args
    Feature record: CXX_FEATURE:0cxx_long_long_type
    Feature record: CXX_FEATURE:0cxx_noexcept
    Feature record: CXX_FEATURE:0cxx_nonstatic_member_init
    Feature record: CXX_FEATURE:0cxx_nullptr
    Feature record: CXX_FEATURE:0cxx_override
    Feature record: CXX_FEATURE:0cxx_range_for
    Feature record: CXX_FEATURE:0cxx_raw_string_literals
    Feature record: CXX_FEATURE:0cxx_reference_qualified_functions
    Feature record: CXX_FEATURE:0cxx_relaxed_constexpr
    Feature record: CXX_FEATURE:0cxx_return_type_deduction
    Feature record: CXX_FEATURE:0cxx_right_angle_brackets
    Feature record: CXX_FEATURE:0cxx_rvalue_references
    Feature record: CXX_FEATURE:0cxx_sizeof_member
    Feature record: CXX_FEATURE:0cxx_static_assert
    Feature record: CXX_FEATURE:0cxx_strong_enums
    Feature record: CXX_FEATURE:1cxx_template_template_parameters
    Feature record: CXX_FEATURE:0cxx_thread_local
    Feature record: CXX_FEATURE:0cxx_trailing_return_types
    Feature record: CXX_FEATURE:0cxx_unicode_literals
    Feature record: CXX_FEATURE:0cxx_uniform_initialization
    Feature record: CXX_FEATURE:0cxx_unrestricted_unions
    Feature record: CXX_FEATURE:0cxx_user_literals
    Feature record: CXX_FEATURE:0cxx_variable_templates
    Feature record: CXX_FEATURE:0cxx_variadic_macros
    Feature record: CXX_FEATURE:0cxx_variadic_templates
Determining if the function XOpenDisplay exists in the /usr/lib/x86_64-linux-gnu/libX11.so;/usr/lib/x86_64-linux-gnu/libXext.so passed with the following output:
Change Dir: /home/chris/Documents/orbslam2/pangolin/Pangolin/build/CMakeFiles/CMakeTmp

Run Build Command:"/usr/bin/make" "cmTC_2f8df/fast"
/usr/bin/make -f CMakeFiles/cmTC_2f8df.dir/build.make CMakeFiles/cmTC_2f8df.dir/build
make[1]: Entering directory '/home/chris/Documents/orbslam2/pangolin/Pangolin/build/CMakeFiles/CMakeTmp'
Building C object CMakeFiles/cmTC_2f8df.dir/CheckFunctionExists.c.o
/usr/bin/cc    -DCHECK_FUNCTION_EXISTS=XOpenDisplay   -o CMakeFiles/cmTC_2f8df.dir/CheckFunctionExists.c.o   -c /usr/share/cmake-3.5/Modules/CheckFunctionExists.c
Linking C executable cmTC_2f8df
/usr/bin/cmake -E cmake_link_script CMakeFiles/cmTC_2f8df.dir/link.txt --verbose=1
/usr/bin/cc   -DCHECK_FUNCTION_EXISTS=XOpenDisplay    CMakeFiles/cmTC_2f8df.dir/CheckFunctionExists.c.o  -o cmTC_2f8df -rdynamic /usr/lib/x86_64-linux-gnu/libX11.so /usr/lib/x86_64-linux-gnu/libXext.so 
make[1]: Leaving directory '/home/chris/Documents/orbslam2/pangolin/Pangolin/build/CMakeFiles/CMakeTmp'


Determining if the function gethostbyname exists passed with the following output:
Change Dir: /home/chris/Documents/orbslam2/pangolin/Pangolin/build/CMakeFiles/CMakeTmp

Run Build Command:"/usr/bin/make" "cmTC_af6f3/fast"
/usr/bin/make -f CMakeFiles/cmTC_af6f3.dir/build.make CMakeFiles/cmTC_af6f3.dir/build
make[1]: Entering directory '/home/chris/Documents/orbslam2/pangolin/Pangolin/build/CMakeFiles/CMakeTmp'
Building C object CMakeFiles/cmTC_af6f3.dir/CheckFunctionExists.c.o
/usr/bin/cc    -DCHECK_FUNCTION_EXISTS=gethostbyname   -o CMakeFiles/cmTC_af6f3.dir/CheckFunctionExists.c.o   -c /usr/share/cmake-3.5/Modules/CheckFunctionExists.c
Linking C executable cmTC_af6f3
/usr/bin/cmake -E cmake_link_script CMakeFiles/cmTC_af6f3.dir/link.txt --verbose=1
/usr/bin/cc   -DCHECK_FUNCTION_EXISTS=gethostbyname    CMakeFiles/cmTC_af6f3.dir/CheckFunctionExists.c.o  -o cmTC_af6f3 -rdynamic 
make[1]: Leaving directory '/home/chris/Documents/orbslam2/pangolin/Pangolin/build/CMakeFiles/CMakeTmp'


Determining if the function connect exists passed with the following output:
Change Dir: /home/chris/Documents/orbslam2/pangolin/Pangolin/build/CMakeFiles/CMakeTmp

Run Build Command:"/usr/bin/make" "cmTC_47d50/fast"
/usr/bin/make -f CMakeFiles/cmTC_47d50.dir/build.make CMakeFiles/cmTC_47d50.dir/build
make[1]: Entering directory '/home/chris/Documents/orbslam2/pangolin/Pangolin/build/CMakeFiles/CMakeTmp'
Building C object CMakeFiles/cmTC_47d50.dir/CheckFunctionExists.c.o
/usr/bin/cc    -DCHECK_FUNCTION_EXISTS=connect   -o CMakeFiles/cmTC_47d50.dir/CheckFunctionExists.c.o   -c /usr/share/cmake-3.5/Modules/CheckFunctionExists.c
Linking C executable cmTC_47d50
/usr/bin/cmake -E cmake_link_script CMakeFiles/cmTC_47d50.dir/link.txt --verbose=1
/usr/bin/cc   -DCHECK_FUNCTION_EXISTS=connect    CMakeFiles/cmTC_47d50.dir/CheckFunctionExists.c.o  -o cmTC_47d50 -rdynamic 
make[1]: Leaving directory '/home/chris/Documents/orbslam2/pangolin/Pangolin/build/CMakeFiles/CMakeTmp'


Determining if the function remove exists passed with the following output:
Change Dir: /home/chris/Documents/orbslam2/pangolin/Pangolin/build/CMakeFiles/CMakeTmp

Run Build Command:"/usr/bin/make" "cmTC_1c9b6/fast"
/usr/bin/make -f CMakeFiles/cmTC_1c9b6.dir/build.make CMakeFiles/cmTC_1c9b6.dir/build
make[1]: Entering directory '/home/chris/Documents/orbslam2/pangolin/Pangolin/build/CMakeFiles/CMakeTmp'
Building C object CMakeFiles/cmTC_1c9b6.dir/CheckFunctionExists.c.o
/usr/bin/cc    -DCHECK_FUNCTION_EXISTS=remove   -o CMakeFiles/cmTC_1c9b6.dir/CheckFunctionExists.c.o   -c /usr/share/cmake-3.5/Modules/CheckFunctionExists.c
Linking C executable cmTC_1c9b6
/usr/bin/cmake -E cmake_link_script CMakeFiles/cmTC_1c9b6.dir/link.txt --verbose=1
/usr/bin/cc   -DCHECK_FUNCTION_EXISTS=remove    CMakeFiles/cmTC_1c9b6.dir/CheckFunctionExists.c.o  -o cmTC_1c9b6 -rdynamic 
make[1]: Leaving directory '/home/chris/Documents/orbslam2/pangolin/Pangolin/build/CMakeFiles/CMakeTmp'


Determining if the function shmat exists passed with the following output:
Change Dir: /home/chris/Documents/orbslam2/pangolin/Pangolin/build/CMakeFiles/CMakeTmp

Run Build Command:"/usr/bin/make" "cmTC_7c17a/fast"
/usr/bin/make -f CMakeFiles/cmTC_7c17a.dir/build.make CMakeFiles/cmTC_7c17a.dir/build
make[1]: Entering directory '/home/chris/Documents/orbslam2/pangolin/Pangolin/build/CMakeFiles/CMakeTmp'
Building C object CMakeFiles/cmTC_7c17a.dir/CheckFunctionExists.c.o
/usr/bin/cc    -DCHECK_FUNCTION_EXISTS=shmat   -o CMakeFiles/cmTC_7c17a.dir/CheckFunctionExists.c.o   -c /usr/share/cmake-3.5/Modules/CheckFunctionExists.c
Linking C executable cmTC_7c17a
/usr/bin/cmake -E cmake_link_script CMakeFiles/cmTC_7c17a.dir/link.txt --verbose=1
/usr/bin/cc   -DCHECK_FUNCTION_EXISTS=shmat    CMakeFiles/cmTC_7c17a.dir/CheckFunctionExists.c.o  -o cmTC_7c17a -rdynamic 
make[1]: Leaving directory '/home/chris/Documents/orbslam2/pangolin/Pangolin/build/CMakeFiles/CMakeTmp'


Determining if the function IceConnectionNumber exists in the ICE passed with the following output:
Change Dir: /home/chris/Documents/orbslam2/pangolin/Pangolin/build/CMakeFiles/CMakeTmp

Run Build Command:"/usr/bin/make" "cmTC_10fae/fast"
/usr/bin/make -f CMakeFiles/cmTC_10fae.dir/build.make CMakeFiles/cmTC_10fae.dir/build
make[1]: Entering directory '/home/chris/Documents/orbslam2/pangolin/Pangolin/build/CMakeFiles/CMakeTmp'
Building C object CMakeFiles/cmTC_10fae.dir/CheckFunctionExists.c.o
/usr/bin/cc    -DCHECK_FUNCTION_EXISTS=IceConnectionNumber   -o CMakeFiles/cmTC_10fae.dir/CheckFunctionExists.c.o   -c /usr/share/cmake-3.5/Modules/CheckFunctionExists.c
Linking C executable cmTC_10fae
/usr/bin/cmake -E cmake_link_script CMakeFiles/cmTC_10fae.dir/link.txt --verbose=1
/usr/bin/cc   -DCHECK_FUNCTION_EXISTS=IceConnectionNumber    CMakeFiles/cmTC_10fae.dir/CheckFunctionExists.c.o  -o cmTC_10fae -rdynamic -lICE 
make[1]: Leaving directory '/home/chris/Documents/orbslam2/pangolin/Pangolin/build/CMakeFiles/CMakeTmp'


Performing C++ SOURCE FILE Test HAVE_FFMPEG_MAX_ANALYZE_DURATION2 succeeded with the following output:
Change Dir: /home/chris/Documents/orbslam2/pangolin/Pangolin/build/CMakeFiles/CMakeTmp

Run Build Command:"/usr/bin/make" "cmTC_7e154/fast"
/usr/bin/make -f CMakeFiles/cmTC_7e154.dir/build.make CMakeFiles/cmTC_7e154.dir/build
make[1]: Entering directory '/home/chris/Documents/orbslam2/pangolin/Pangolin/build/CMakeFiles/CMakeTmp'
Building CXX object CMakeFiles/cmTC_7e154.dir/src.cxx.o
/usr/bin/c++    -I/usr/include/x86_64-linux-gnu  -std=c++0x -Wall -Wextra  -DHAVE_FFMPEG_MAX_ANALYZE_DURATION2   -o CMakeFiles/cmTC_7e154.dir/src.cxx.o -c /home/chris/Documents/orbslam2/pangolin/Pangolin/build/CMakeFiles/CMakeTmp/src.cxx
/home/chris/Documents/orbslam2/pangolin/Pangolin/build/CMakeFiles/CMakeTmp/src.cxx: In function ‘int main()’:
/home/chris/Documents/orbslam2/pangolin/Pangolin/build/CMakeFiles/CMakeTmp/src.cxx:3:15: warning: statement has no effect [-Wunused-value]
         sizeof(AVFormatContext::max_analyze_duration2);
               ^
Linking CXX executable cmTC_7e154
/usr/bin/cmake -E cmake_link_script CMakeFiles/cmTC_7e154.dir/link.txt --verbose=1
/usr/bin/c++   -std=c++0x -Wall -Wextra  -DHAVE_FFMPEG_MAX_ANALYZE_DURATION2    CMakeFiles/cmTC_7e154.dir/src.cxx.o  -o cmTC_7e154 -rdynamic 
make[1]: Leaving directory '/home/chris/Documents/orbslam2/pangolin/Pangolin/build/CMakeFiles/CMakeTmp'

Source file was:
#include "/usr/include/x86_64-linux-gnu/libavformat/avformat.h"
      int main() {
        sizeof(AVFormatContext::max_analyze_duration2);
      }
Performing C++ SOURCE FILE Test HAVE_FFMPEG_AVFORMAT_ALLOC_OUTPUT_CONTEXT2 succeeded with the following output:
Change Dir: /home/chris/Documents/orbslam2/pangolin/Pangolin/build/CMakeFiles/CMakeTmp

Run Build Command:"/usr/bin/make" "cmTC_1cdb3/fast"
/usr/bin/make -f CMakeFiles/cmTC_1cdb3.dir/build.make CMakeFiles/cmTC_1cdb3.dir/build
make[1]: Entering directory '/home/chris/Documents/orbslam2/pangolin/Pangolin/build/CMakeFiles/CMakeTmp'
Building CXX object CMakeFiles/cmTC_1cdb3.dir/src.cxx.o
/usr/bin/c++    -I/usr/include/x86_64-linux-gnu  -std=c++0x -Wall -Wextra  -DHAVE_FFMPEG_AVFORMAT_ALLOC_OUTPUT_CONTEXT2   -o CMakeFiles/cmTC_1cdb3.dir/src.cxx.o -c /home/chris/Documents/orbslam2/pangolin/Pangolin/build/CMakeFiles/CMakeTmp/src.cxx
/home/chris/Documents/orbslam2/pangolin/Pangolin/build/CMakeFiles/CMakeTmp/src.cxx: In function ‘int main()’:
/home/chris/Documents/orbslam2/pangolin/Pangolin/build/CMakeFiles/CMakeTmp/src.cxx:3:40: warning: statement has no effect [-Wunused-value]
         &avformat_alloc_output_context2;
                                        ^
Linking CXX executable cmTC_1cdb3
/usr/bin/cmake -E cmake_link_script CMakeFiles/cmTC_1cdb3.dir/link.txt --verbose=1
/usr/bin/c++   -std=c++0x -Wall -Wextra  -DHAVE_FFMPEG_AVFORMAT_ALLOC_OUTPUT_CONTEXT2    CMakeFiles/cmTC_1cdb3.dir/src.cxx.o  -o cmTC_1cdb3 -rdynamic 
make[1]: Leaving directory '/home/chris/Documents/orbslam2/pangolin/Pangolin/build/CMakeFiles/CMakeTmp'

Source file was:
#include "/usr/include/x86_64-linux-gnu/libavformat/avformat.h"
      int main() {
        &avformat_alloc_output_context2;
      }
Performing C++ SOURCE FILE Test HAVE_FFMPEG_AVPIXELFORMAT succeeded with the following output:
Change Dir: /home/chris/Documents/orbslam2/pangolin/Pangolin/build/CMakeFiles/CMakeTmp

Run Build Command:"/usr/bin/make" "cmTC_c0f42/fast"
/usr/bin/make -f CMakeFiles/cmTC_c0f42.dir/build.make CMakeFiles/cmTC_c0f42.dir/build
make[1]: Entering directory '/home/chris/Documents/orbslam2/pangolin/Pangolin/build/CMakeFiles/CMakeTmp'
Building CXX object CMakeFiles/cmTC_c0f42.dir/src.cxx.o
/usr/bin/c++    -I/usr/include/x86_64-linux-gnu  -std=c++0x -Wall -Wextra  -DHAVE_FFMPEG_AVPIXELFORMAT   -o CMakeFiles/cmTC_c0f42.dir/src.cxx.o -c /home/chris/Documents/orbslam2/pangolin/Pangolin/build/CMakeFiles/CMakeTmp/src.cxx
/home/chris/Documents/orbslam2/pangolin/Pangolin/build/CMakeFiles/CMakeTmp/src.cxx: In function ‘int main()’:
/home/chris/Documents/orbslam2/pangolin/Pangolin/build/CMakeFiles/CMakeTmp/src.cxx:3:23: warning: unused variable ‘test’ [-Wunused-variable]
         AVPixelFormat test = AV_PIX_FMT_GRAY8;
                       ^
Linking CXX executable cmTC_c0f42
/usr/bin/cmake -E cmake_link_script CMakeFiles/cmTC_c0f42.dir/link.txt --verbose=1
/usr/bin/c++   -std=c++0x -Wall -Wextra  -DHAVE_FFMPEG_AVPIXELFORMAT    CMakeFiles/cmTC_c0f42.dir/src.cxx.o  -o cmTC_c0f42 -rdynamic 
make[1]: Leaving directory '/home/chris/Documents/orbslam2/pangolin/Pangolin/build/CMakeFiles/CMakeTmp'

Source file was:
#include "/usr/include/x86_64-linux-gnu/libavutil/pixdesc.h"
      int main() {
        AVPixelFormat test = AV_PIX_FMT_GRAY8;
      }
